0 info it worked if it ends with ok
1 verbose cli [ 'C:\\Program Files\\nodejs\\node.exe',
1 verbose cli   'C:\\Program Files\\nodejs\\node_modules\\npm\\bin\\npm-cli.js',
1 verbose cli   'install',
1 verbose cli   'PushPlugin' ]
2 info using npm@2.14.7
3 info using node@v4.2.3
4 verbose install initial load of D:\Projects\Github\AOT-Mobile-App\aot-demo\package.json
5 warn package.json aot-demo@1.1.1 No repository field.
6 warn package.json aot-demo@1.1.1 No README data
7 warn package.json aot-demo@1.1.1 No license field.
8 verbose installManyTop reading scoped package data from D:\Projects\Github\AOT-Mobile-App\aot-demo\node_modules\cordova-plugin-whitelist\package.json
9 info package.json cordova-plugin-whitelist@1.2.1 license should be a valid SPDX license expression
10 verbose readDependencies loading dependencies from D:\Projects\Github\AOT-Mobile-App\aot-demo\package.json
11 silly cache add args [ 'PushPlugin', null ]
12 verbose cache add spec PushPlugin
13 silly cache add parsed spec Result {
13 silly cache add   raw: 'PushPlugin',
13 silly cache add   scope: null,
13 silly cache add   name: 'PushPlugin',
13 silly cache add   rawSpec: '',
13 silly cache add   spec: '*',
13 silly cache add   type: 'range' }
14 silly addNamed PushPlugin@*
15 verbose addNamed "*" is a valid semver range for PushPlugin
16 silly addNameRange { name: 'PushPlugin', range: '*', hasData: false }
17 silly mapToRegistry name PushPlugin
18 silly mapToRegistry using default registry
19 silly mapToRegistry registry https://registry.npmjs.org/
20 silly mapToRegistry uri https://registry.npmjs.org/PushPlugin
21 verbose addNameRange registry:https://registry.npmjs.org/PushPlugin not in flight; fetching
22 verbose request uri https://registry.npmjs.org/PushPlugin
23 verbose request no auth needed
24 info attempt registry request try #1 at 10:46:13
25 verbose request id 7b6e5aa1c9cc2a47
26 verbose etag "8DS8MTMO4V8PFGKUBMUIFQ2RQ"
27 http request GET https://registry.npmjs.org/PushPlugin
28 http 404 https://registry.npmjs.org/PushPlugin
29 verbose headers { 'content-type': 'application/json',
29 verbose headers   'cache-control': 'max-age=0',
29 verbose headers   'content-length': '2',
29 verbose headers   'accept-ranges': 'bytes',
29 verbose headers   date: 'Fri, 11 Mar 2016 03:45:15 GMT',
29 verbose headers   via: '1.1 varnish',
29 verbose headers   age: '0',
29 verbose headers   connection: 'keep-alive',
29 verbose headers   'x-served-by': 'cache-sin6927-SIN',
29 verbose headers   'x-cache': 'MISS',
29 verbose headers   'x-cache-hits': '0',
29 verbose headers   'x-timer': 'S1457667915.257628,VS0,VE255' }
30 silly get cb [ 304, undefined ]
31 verbose etag https://registry.npmjs.org/PushPlugin from cache
32 verbose get saving pushplugin to C:\Users\AKR\AppData\Roaming\npm-cache\registry.npmjs.org\PushPlugin\.cache.json
33 silly addNameRange number 2 { name: 'PushPlugin', range: '*', hasData: true }
34 silly addNameRange versions [ 'pushplugin', [ '2.5.9' ] ]
35 silly addNamed PushPlugin@2.5.9
36 verbose addNamed "2.5.9" is a plain semver version for PushPlugin
37 silly cache afterAdd pushplugin@2.5.9
38 verbose afterAdd C:\Users\AKR\AppData\Roaming\npm-cache\pushplugin\2.5.9\package\package.json not in flight; writing
39 verbose afterAdd C:\Users\AKR\AppData\Roaming\npm-cache\pushplugin\2.5.9\package\package.json written
40 silly install resolved [ { name: 'pushplugin',
40 silly install resolved     version: '2.5.9',
40 silly install resolved     description: '\n\t\tThis plugin allows your application to receive push notifications on Android, iOS, WP8 and Windows8 devices.\n\t\tAndroid uses Google Cloud Messaging.\n\t\tiOS uses Apple APNS Notifications.\n\t\tWP8 uses Microsoft MPNS Notifications.\n\t\tWindows8 uses Microsoft ',
40 silly install resolved     cordova: { id: 'com.orcasinc.pushplugin', platforms: [Object] },
40 silly install resolved     dependencies: { plugman: 'undefined0.23.3' },
40 silly install resolved     devDependencies: { plugman: 'undefined0.23.3' },
40 silly install resolved     repository:
40 silly install resolved      { type: 'git',
40 silly install resolved        url: 'git+https://github.com/orcasgit/PushNotification.git' },
40 silly install resolved     keywords:
40 silly install resolved      [ 'ecosystem:cordova',
40 silly install resolved        'cordova-android',
40 silly install resolved        'cordova-ios',
40 silly install resolved        'cordova-wp8',
40 silly install resolved        'cordova-windows8' ],
40 silly install resolved     engines: [ [Object] ],
40 silly install resolved     author: { name: 'Telerik', url: 'originally created by Bob Easterday' },
40 silly install resolved     license: 'MIT',
40 silly install resolved     bugs: { url: 'https://github.com/orcasgit/PushNotification/issues' },
40 silly install resolved     homepage: 'https://github.com/orcasgit/PushNotification#readme',
40 silly install resolved     gitHead: 'aa848cf8001fc2b76b4d0a338cf562d6bfe8cb99',
40 silly install resolved     _id: 'pushplugin@2.5.9',
40 silly install resolved     scripts: {},
40 silly install resolved     _shasum: '878fdf8817f994d5673035b6107b368005df02db',
40 silly install resolved     _from: 'PushPlugin@*',
40 silly install resolved     _npmVersion: '2.13.4',
40 silly install resolved     _nodeVersion: '0.10.22',
40 silly install resolved     _npmUser: { name: 'bpitcher', email: 'bpitcher@orcasinc.com' },
40 silly install resolved     dist:
40 silly install resolved      { shasum: '878fdf8817f994d5673035b6107b368005df02db',
40 silly install resolved        tarball: 'http://registry.npmjs.org/pushplugin/-/pushplugin-2.5.9.tgz' },
40 silly install resolved     maintainers: [ [Object] ],
40 silly install resolved     directories: {},
40 silly install resolved     _resolved: 'https://registry.npmjs.org/pushplugin/-/pushplugin-2.5.9.tgz',
40 silly install resolved     readme: 'ERROR: No README data found!' } ]
41 info install pushplugin@2.5.9 into D:\Projects\Github\AOT-Mobile-App\aot-demo
42 info installOne pushplugin@2.5.9
43 verbose installOne of pushplugin to D:\Projects\Github\AOT-Mobile-App\aot-demo not in flight; installing
44 verbose lock using C:\Users\AKR\AppData\Roaming\npm-cache\_locks\pushplugin-e3ad407a6c0202a9.lock for D:\Projects\Github\AOT-Mobile-App\aot-demo\node_modules\pushplugin
45 silly install write writing pushplugin 2.5.9 to D:\Projects\Github\AOT-Mobile-App\aot-demo\node_modules\pushplugin
46 verbose unbuild node_modules\pushplugin
47 silly gentlyRm D:\Projects\Github\AOT-Mobile-App\aot-demo\node_modules\pushplugin is being purged from base D:\Projects\Github\AOT-Mobile-App\aot-demo
48 verbose gentlyRm don't care about contents; nuking D:\Projects\Github\AOT-Mobile-App\aot-demo\node_modules\pushplugin
49 verbose tar unpack C:\Users\AKR\AppData\Roaming\npm-cache\pushplugin\2.5.9\package.tgz
50 verbose tar unpacking to D:\Projects\Github\AOT-Mobile-App\aot-demo\node_modules\pushplugin
51 silly gentlyRm D:\Projects\Github\AOT-Mobile-App\aot-demo\node_modules\pushplugin is being purged
52 verbose gentlyRm don't care about contents; nuking D:\Projects\Github\AOT-Mobile-App\aot-demo\node_modules\pushplugin
53 silly gunzTarPerm modes [ '777', '666' ]
54 silly gunzTarPerm extractEntry package.json
55 silly gunzTarPerm modified mode [ 'package.json', 420, 438 ]
56 silly gunzTarPerm extractEntry .npmignore
57 silly gunzTarPerm modified mode [ '.npmignore', 420, 438 ]
58 silly gunzTarPerm extractEntry README.md
59 silly gunzTarPerm modified mode [ 'README.md', 420, 438 ]
60 silly gunzTarPerm extractEntry src/amazon/ADMHandlerActivity.java
61 silly gunzTarPerm modified mode [ 'src/amazon/ADMHandlerActivity.java', 420, 438 ]
62 silly gunzTarPerm extractEntry src/amazon/ADMMessageHandler.java
63 silly gunzTarPerm modified mode [ 'src/amazon/ADMMessageHandler.java', 420, 438 ]
64 silly gunzTarPerm extractEntry src/amazon/PushPlugin.java
65 silly gunzTarPerm modified mode [ 'src/amazon/PushPlugin.java', 420, 438 ]
66 silly gunzTarPerm extractEntry src/android/com/plugin/android-support-v4.jar
67 silly gunzTarPerm modified mode [ 'src/android/com/plugin/android-support-v4.jar', 493, 511 ]
68 silly gunzTarPerm extractEntry src/android/com/plugin/gcm/CordovaGCMBroadcastReceiver.java
69 silly gunzTarPerm modified mode [ 'src/android/com/plugin/gcm/CordovaGCMBroadcastReceiver.java',
69 silly gunzTarPerm   420,
69 silly gunzTarPerm   438 ]
70 silly gunzTarPerm extractEntry src/android/com/plugin/gcm/PushHandlerActivity.java
71 silly gunzTarPerm modified mode [ 'src/android/com/plugin/gcm/PushHandlerActivity.java',
71 silly gunzTarPerm   420,
71 silly gunzTarPerm   438 ]
72 silly gunzTarPerm extractEntry src/android/com/plugin/gcm/PushPlugin.java
73 silly gunzTarPerm modified mode [ 'src/android/com/plugin/gcm/PushPlugin.java', 420, 438 ]
74 silly gunzTarPerm extractEntry src/ios/AppDelegate+notification.h
75 silly gunzTarPerm modified mode [ 'src/ios/AppDelegate+notification.h', 420, 438 ]
76 silly gunzTarPerm extractEntry src/ios/AppDelegate+notification.m
77 silly gunzTarPerm modified mode [ 'src/ios/AppDelegate+notification.m', 420, 438 ]
78 silly gunzTarPerm extractEntry src/ios/PushPlugin.h
79 silly gunzTarPerm modified mode [ 'src/ios/PushPlugin.h', 420, 438 ]
80 silly gunzTarPerm extractEntry src/ios/PushPlugin.m
81 silly gunzTarPerm modified mode [ 'src/ios/PushPlugin.m', 420, 438 ]
82 silly gunzTarPerm extractEntry src/windows8/PushPluginProxy.js
83 silly gunzTarPerm modified mode [ 'src/windows8/PushPluginProxy.js', 420, 438 ]
84 silly gunzTarPerm extractEntry src/wp8/Newtonsoft.Json.dll
85 silly gunzTarPerm modified mode [ 'src/wp8/Newtonsoft.Json.dll', 420, 438 ]
86 silly gunzTarPerm extractEntry src/wp8/PushPlugin.cs
87 silly gunzTarPerm modified mode [ 'src/wp8/PushPlugin.cs', 420, 438 ]
88 silly gunzTarPerm extractEntry Example/server/pushADM.js
89 silly gunzTarPerm modified mode [ 'Example/server/pushADM.js', 420, 438 ]
90 silly gunzTarPerm extractEntry Example/server/pushAPNS.rb
91 silly gunzTarPerm modified mode [ 'Example/server/pushAPNS.rb', 420, 438 ]
92 silly gunzTarPerm extractEntry Example/server/pushGCM.rb
93 silly gunzTarPerm modified mode [ 'Example/server/pushGCM.rb', 420, 438 ]
94 silly gunzTarPerm extractEntry Example/www/beep.wav
95 silly gunzTarPerm modified mode [ 'Example/www/beep.wav', 420, 438 ]
96 silly gunzTarPerm extractEntry Example/www/index.html
97 silly gunzTarPerm modified mode [ 'Example/www/index.html', 493, 511 ]
98 silly gunzTarPerm extractEntry MIT-LICENSE
99 silly gunzTarPerm modified mode [ 'MIT-LICENSE', 420, 438 ]
100 silly gunzTarPerm extractEntry plugin.xml
101 silly gunzTarPerm modified mode [ 'plugin.xml', 493, 511 ]
102 silly gunzTarPerm extractEntry spec/genericpush.tests.js
103 silly gunzTarPerm modified mode [ 'spec/genericpush.tests.js', 420, 438 ]
104 silly gunzTarPerm extractEntry spec/jasmine.js
105 silly gunzTarPerm modified mode [ 'spec/jasmine.js', 420, 438 ]
106 silly gunzTarPerm extractEntry spec/test-runner.js
107 silly gunzTarPerm modified mode [ 'spec/test-runner.js', 420, 438 ]
108 silly gunzTarPerm extractEntry spec/html/HtmlReporter.js
109 silly gunzTarPerm modified mode [ 'spec/html/HtmlReporter.js', 420, 438 ]
110 silly gunzTarPerm extractEntry spec/html/HtmlReporterHelpers.js
111 silly gunzTarPerm modified mode [ 'spec/html/HtmlReporterHelpers.js', 420, 438 ]
112 silly gunzTarPerm extractEntry spec/html/ReporterView.js
113 silly gunzTarPerm modified mode [ 'spec/html/ReporterView.js', 420, 438 ]
114 silly gunzTarPerm extractEntry spec/html/SpecView.js
115 silly gunzTarPerm modified mode [ 'spec/html/SpecView.js', 420, 438 ]
116 silly gunzTarPerm extractEntry spec/html/SuiteView.js
117 silly gunzTarPerm modified mode [ 'spec/html/SuiteView.js', 420, 438 ]
118 silly gunzTarPerm extractEntry spec/html/TrivialReporter.js
119 silly gunzTarPerm modified mode [ 'spec/html/TrivialReporter.js', 420, 438 ]
120 silly gunzTarPerm extractEntry spec/index.html
121 silly gunzTarPerm modified mode [ 'spec/index.html', 420, 438 ]
122 silly gunzTarPerm extractEntry spec/jasmine.css
123 silly gunzTarPerm modified mode [ 'spec/jasmine.css', 420, 438 ]
124 silly gunzTarPerm extractEntry www/PushNotification.js
125 silly gunzTarPerm modified mode [ 'www/PushNotification.js', 420, 438 ]
126 silly gunzTarPerm extractEntry www/blackberry10/PushPluginProxy.js
127 silly gunzTarPerm modified mode [ 'www/blackberry10/PushPluginProxy.js', 420, 438 ]
128 verbose write writing to D:\Projects\Github\AOT-Mobile-App\aot-demo\node_modules\pushplugin\package.json
129 info preinstall pushplugin@2.5.9
130 verbose readDependencies loading dependencies from D:\Projects\Github\AOT-Mobile-App\aot-demo\node_modules\pushplugin\package.json
131 silly prepareForInstallMany adding plugman@undefined0.23.3 from pushplugin dependencies
132 verbose readDependencies loading dependencies from D:\Projects\Github\AOT-Mobile-App\aot-demo\node_modules\pushplugin\package.json
133 silly cache add args [ 'plugman@undefined0.23.3', null ]
134 verbose cache add spec plugman@undefined0.23.3
135 silly cache add parsed spec Result {
135 silly cache add   raw: 'plugman@undefined0.23.3',
135 silly cache add   scope: null,
135 silly cache add   name: 'plugman',
135 silly cache add   rawSpec: 'undefined0.23.3',
135 silly cache add   spec: 'undefined0.23.3',
135 silly cache add   type: 'tag' }
136 silly addNamed plugman@undefined0.23.3
137 verbose addNamed "undefined0.23.3" is being treated as a dist-tag for plugman
138 info addNameTag [ 'plugman', 'undefined0.23.3' ]
139 silly mapToRegistry name plugman
140 silly mapToRegistry using default registry
141 silly mapToRegistry registry https://registry.npmjs.org/
142 silly mapToRegistry uri https://registry.npmjs.org/plugman
143 verbose addNameTag registry:https://registry.npmjs.org/plugman not in flight; fetching
144 verbose request uri https://registry.npmjs.org/plugman
145 verbose request no auth needed
146 info attempt registry request try #1 at 10:46:15
147 verbose etag "4RQX7TJ07E354M61GOHINRDO4"
148 http request GET https://registry.npmjs.org/plugman
149 http 304 https://registry.npmjs.org/plugman
150 verbose headers { date: 'Fri, 11 Mar 2016 03:45:17 GMT',
150 verbose headers   via: '1.1 varnish',
150 verbose headers   'cache-control': 'max-age=300',
150 verbose headers   etag: '"4RQX7TJ07E354M61GOHINRDO4"',
150 verbose headers   age: '62',
150 verbose headers   connection: 'keep-alive',
150 verbose headers   'x-served-by': 'cache-sin6920-SIN',
150 verbose headers   'x-cache': 'HIT',
150 verbose headers   'x-cache-hits': '1',
150 verbose headers   'x-timer': 'S1457667917.096358,VS0,VE0',
150 verbose headers   vary: 'Accept' }
151 silly get cb [ 304,
151 silly get   { date: 'Fri, 11 Mar 2016 03:45:17 GMT',
151 silly get     via: '1.1 varnish',
151 silly get     'cache-control': 'max-age=300',
151 silly get     etag: '"4RQX7TJ07E354M61GOHINRDO4"',
151 silly get     age: '62',
151 silly get     connection: 'keep-alive',
151 silly get     'x-served-by': 'cache-sin6920-SIN',
151 silly get     'x-cache': 'HIT',
151 silly get     'x-cache-hits': '1',
151 silly get     'x-timer': 'S1457667917.096358,VS0,VE0',
151 silly get     vary: 'Accept' } ]
152 verbose etag https://registry.npmjs.org/plugman from cache
153 verbose get saving plugman to C:\Users\AKR\AppData\Roaming\npm-cache\registry.npmjs.org\plugman\.cache.json
154 silly addNameTag next cb for plugman with tag undefined0.23.3
155 verbose about to build D:\Projects\Github\AOT-Mobile-App\aot-demo\node_modules\pushplugin
156 verbose unlock done using C:\Users\AKR\AppData\Roaming\npm-cache\_locks\pushplugin-e3ad407a6c0202a9.lock for D:\Projects\Github\AOT-Mobile-App\aot-demo\node_modules\pushplugin
157 verbose stack Error: No compatible version found: plugman@'undefined0.23.3'
157 verbose stack Valid install targets:
157 verbose stack ["0.5.6","0.5.7","0.5.8","0.5.9","0.6.0","0.6.1","0.6.2","0.6.3","0.7.0","0.7.1","0.7.2","0.7.3","0.7.4","0.7.5","0.7.6","0.7.7","0.7.8","0.7.9","0.7.10","0.7.11","0.7.12","0.7.13","0.7.14","0.8.0","0.8.1","0.8.2","0.9.0","0.9.1","0.9.2","0.9.3","0.9.4","0.9.5","0.9.6","0.9.7","0.9.8","0.9.9","0.9.10","0.9.11","0.9.20","0.9.21","0.9.22","0.9.23","0.10.0","0.10.1","0.11.0","0.12.0","0.13.0","0.14.0","0.15.0","0.16.0","0.17.0","0.18.0","0.19.0","0.20.0","0.20.1","0.20.2","0.21.0","0.22.0","0.22.1","0.22.2","0.22.4","0.22.5","0.22.6","0.22.7","0.22.8","0.22.9","0.22.10","0.22.11","0.22.12","0.22.14","0.22.15","0.22.16","0.22.17","0.23.0","0.23.1","0.23.3","1.0.0","1.0.2","1.0.3","1.0.4","1.0.5","1.1.0"]
157 verbose stack
157 verbose stack     at installTargetsError (C:\Program Files\nodejs\node_modules\npm\lib\cache\add-named.js:284:12)
157 verbose stack     at next (C:\Program Files\nodejs\node_modules\npm\lib\cache\add-named.js:94:10)
157 verbose stack     at RES (C:\Program Files\nodejs\node_modules\npm\node_modules\inflight\inflight.js:23:14)
157 verbose stack     at f (C:\Program Files\nodejs\node_modules\npm\node_modules\once\once.js:17:25)
157 verbose stack     at fixName (C:\Program Files\nodejs\node_modules\npm\lib\cache\add-named.js:29:5)
157 verbose stack     at saved (C:\Program Files\nodejs\node_modules\npm\lib\cache\caching-client.js:173:7)
157 verbose stack     at C:\Program Files\nodejs\node_modules\npm\node_modules\graceful-fs\polyfills.js:210:7
157 verbose stack     at FSReqWrap.oncomplete (fs.js:82:15)
158 verbose cwd D:\Projects\Github\AOT-Mobile-App\aot-demo
159 error Windows_NT 6.1.7601
160 error argv "C:\\Program Files\\nodejs\\node.exe" "C:\\Program Files\\nodejs\\node_modules\\npm\\bin\\npm-cli.js" "install" "PushPlugin"
161 error node v4.2.3
162 error npm  v2.14.7
163 error code ETARGET
164 error notarget No compatible version found: plugman@'undefined0.23.3'
164 error notarget Valid install targets:
164 error notarget ["0.5.6","0.5.7","0.5.8","0.5.9","0.6.0","0.6.1","0.6.2","0.6.3","0.7.0","0.7.1","0.7.2","0.7.3","0.7.4","0.7.5","0.7.6","0.7.7","0.7.8","0.7.9","0.7.10","0.7.11","0.7.12","0.7.13","0.7.14","0.8.0","0.8.1","0.8.2","0.9.0","0.9.1","0.9.2","0.9.3","0.9.4","0.9.5","0.9.6","0.9.7","0.9.8","0.9.9","0.9.10","0.9.11","0.9.20","0.9.21","0.9.22","0.9.23","0.10.0","0.10.1","0.11.0","0.12.0","0.13.0","0.14.0","0.15.0","0.16.0","0.17.0","0.18.0","0.19.0","0.20.0","0.20.1","0.20.2","0.21.0","0.22.0","0.22.1","0.22.2","0.22.4","0.22.5","0.22.6","0.22.7","0.22.8","0.22.9","0.22.10","0.22.11","0.22.12","0.22.14","0.22.15","0.22.16","0.22.17","0.23.0","0.23.1","0.23.3","1.0.0","1.0.2","1.0.3","1.0.4","1.0.5","1.1.0"]
164 error notarget
164 error notarget This is most likely not a problem with npm itself.
164 error notarget In most cases you or one of your dependencies are requesting
164 error notarget a package version that doesn't exist.
164 error notarget
164 error notarget It was specified as a dependency of 'pushplugin'
165 verbose exit [ 1, true ]
166 verbose unbuild node_modules\pushplugin
167 info preuninstall pushplugin@2.5.9
168 info uninstall pushplugin@2.5.9
169 verbose unbuild rmStuff pushplugin@2.5.9 from D:\Projects\Github\AOT-Mobile-App\aot-demo\node_modules
170 info postuninstall pushplugin@2.5.9
171 silly gentlyRm D:\Projects\Github\AOT-Mobile-App\aot-demo\node_modules\pushplugin is being purged from base D:\Projects\Github\AOT-Mobile-App\aot-demo
172 verbose gentlyRm don't care about contents; nuking D:\Projects\Github\AOT-Mobile-App\aot-demo\node_modules\pushplugin
173 silly vacuum-fs purging D:\Projects\Github\AOT-Mobile-App\aot-demo\node_modules\pushplugin
174 silly vacuum-fs quitting because other entries in D:\Projects\Github\AOT-Mobile-App\aot-demo\node_modules
